2026-02-26 16:15:37,678 INFO: 博客应用启动 [in C:\AI\Projects\my-blog\app\__init__.py:125]
2026-02-26 16:15:39,132 INFO: 博客应用启动 [in C:\AI\Projects\my-blog\app\__init__.py:125]
2026-02-26 16:44:29,421 INFO: 博客应用启动 [in C:\AI\Projects\my-blog\app\__init__.py:125]
2026-02-26 16:45:01,611 INFO: 博客应用启动 [in C:\AI\Projects\my-blog\app\__init__.py:125]
2026-02-26 16:45:14,575 INFO: 博客应用启动 [in C:\AI\Projects\my-blog\app\__init__.py:125]
2026-02-26 16:45:35,622 INFO: 博客应用启动 [in C:\AI\Projects\my-blog\app\__init__.py:125]
2026-02-26 16:45:47,552 INFO: 博客应用启动 [in C:\AI\Projects\my-blog\app\__init__.py:125]
2026-02-26 16:46:03,505 INFO: 博客应用启动 [in C:\AI\Projects\my-blog\app\__init__.py:125]
2026-02-26 16:46:23,632 INFO: 博客应用启动 [in C:\AI\Projects\my-blog\app\__init__.py:125]
2026-02-26 16:46:30,298 INFO: 博客应用启动 [in C:\AI\Projects\my-blog\app\__init__.py:125]
2026-02-26 21:22:50,514 INFO: 博客应用启动 [in C:\AI\Projects\my-blog\app\__init__.py:157]
2026-02-26 21:22:51,978 INFO: 博客应用启动 [in C:\AI\Projects\my-blog\app\__init__.py:157]
2026-02-26 21:25:32,173 INFO: 博客应用启动 [in C:\AI\Projects\my-blog\app\__init__.py:157]
2026-02-26 21:25:33,594 INFO: 博客应用启动 [in C:\AI\Projects\my-blog\app\__init__.py:157]
2026-02-26 21:26:31,103 INFO: 博客应用启动 [in C:\AI\Projects\my-blog\app\__init__.py:157]
2026-02-26 21:26:32,576 INFO: 博客应用启动 [in C:\AI\Projects\my-blog\app\__init__.py:157]
2026-02-26 21:27:07,198 INFO: 博客应用启动 [in C:\AI\Projects\my-blog\app\__init__.py:157]
2026-02-26 21:27:08,620 INFO: 博客应用启动 [in C:\AI\Projects\my-blog\app\__init__.py:157]
2026-02-26 21:28:06,716 INFO: 博客应用启动 [in C:\AI\Projects\my-blog\app\__init__.py:157]
2026-02-26 21:28:08,167 INFO: 博客应用启动 [in C:\AI\Projects\my-blog\app\__init__.py:157]
2026-02-26 21:34:58,520 INFO: 博客应用启动 [in C:\AI\Projects\my-blog\app\__init__.py:157]
2026-02-26 21:34:59,959 INFO: 博客应用启动 [in C:\AI\Projects\my-blog\app\__init__.py:157]
2026-02-26 21:43:37,408 INFO: 博客应用启动 [in C:\AI\Projects\my-blog\app\__init__.py:157]
2026-02-26 21:43:38,873 INFO: 博客应用启动 [in C:\AI\Projects\my-blog\app\__init__.py:157]
2026-02-26 21:47:37,172 INFO: 博客应用启动 [in C:\AI\Projects\my-blog\app\__init__.py:157]
2026-02-26 21:47:41,953 INFO: 博客应用启动 [in C:\AI\Projects\my-blog\app\__init__.py:157]
2026-02-26 21:47:46,911 INFO: 博客应用启动 [in C:\AI\Projects\my-blog\app\__init__.py:157]
2026-02-26 21:47:48,343 INFO: 博客应用启动 [in C:\AI\Projects\my-blog\app\__init__.py:157]
2026-02-26 21:48:09,937 INFO: 收到联系表单: admin (15823702657@163.com) [in C:\AI\Projects\my-blog\app\routes\main.py:535]
2026-02-26 21:48:09,937 INFO: 主题: 测试 [in C:\AI\Projects\my-blog\app\routes\main.py:536]
2026-02-26 21:48:09,937 INFO: 内容: 测试1多个用户积分v八号举报本地化v不成熟之处吧和v不就是白醋的客户 [in C:\AI\Projects\my-blog\app\routes\main.py:537]
2026-02-26 21:59:37,290 INFO: 博客应用启动 [in C:\AI\Projects\my-blog\app\__init__.py:157]
2026-02-26 21:59:48,790 INFO: 博客应用启动 [in C:\AI\Projects\my-blog\app\__init__.py:157]
2026-02-26 21:59:50,680 INFO: 博客应用启动 [in C:\AI\Projects\my-blog\app\__init__.py:157]
2026-02-26 22:00:02,932 INFO: 博客应用启动 [in C:\AI\Projects\my-blog\app\__init__.py:157]
2026-02-26 22:00:06,881 INFO: 博客应用启动 [in C:\AI\Projects\my-blog\app\__init__.py:157]
2026-02-26 22:00:37,565 INFO: 博客应用启动 [in C:\AI\Projects\my-blog\app\__init__.py:157]
2026-02-26 22:01:00,098 INFO: 博客应用启动 [in C:\AI\Projects\my-blog\app\__init__.py:157]
2026-02-26 22:05:53,212 INFO: 博客应用启动 [in C:\AI\Projects\my-blog\app\__init__.py:157]
2026-02-26 22:06:00,025 INFO: 博客应用启动 [in C:\AI\Projects\my-blog\app\__init__.py:157]
2026-02-26 22:06:06,819 INFO: 博客应用启动 [in C:\AI\Projects\my-blog\app\__init__.py:157]
2026-02-26 22:06:09,646 INFO: 博客应用启动 [in C:\AI\Projects\my-blog\app\__init__.py:157]
2026-02-26 22:06:19,480 INFO: 博客应用启动 [in C:\AI\Projects\my-blog\app\__init__.py:157]
2026-02-26 22:07:02,633 INFO: 博客应用启动 [in C:\AI\Projects\my-blog\app\__init__.py:157]
2026-02-26 22:08:39,122 INFO: 博客应用启动 [in C:\AI\Projects\my-blog\app\__init__.py:157]
2026-02-26 22:08:43,895 INFO: 博客应用启动 [in C:\AI\Projects\my-blog\app\__init__.py:157]
2026-02-26 22:08:49,904 INFO: 博客应用启动 [in C:\AI\Projects\my-blog\app\__init__.py:157]
2026-02-26 22:08:57,788 INFO: 博客应用启动 [in C:\AI\Projects\my-blog\app\__init__.py:157]
2026-02-26 22:09:05,833 INFO: 博客应用启动 [in C:\AI\Projects\my-blog\app\__init__.py:157]
2026-02-26 22:09:08,487 INFO: 博客应用启动 [in C:\AI\Projects\my-blog\app\__init__.py:157]
2026-02-26 22:09:18,864 INFO: 博客应用启动 [in C:\AI\Projects\my-blog\app\__init__.py:157]
2026-02-26 22:09:24,072 INFO: 博客应用启动 [in C:\AI\Projects\my-blog\app\__init__.py:157]
2026-02-26 22:13:02,684 INFO: 博客应用启动 [in C:\AI\Projects\my-blog\app\__init__.py:157]
2026-02-26 22:13:07,466 INFO: 博客应用启动 [in C:\AI\Projects\my-blog\app\__init__.py:157]
2026-02-26 22:13:12,284 INFO: 博客应用启动 [in C:\AI\Projects\my-blog\app\__init__.py:157]
2026-02-26 22:13:16,080 INFO: 博客应用启动 [in C:\AI\Projects\my-blog\app\__init__.py:157]
2026-02-26 22:13:18,866 INFO: 博客应用启动 [in C:\AI\Projects\my-blog\app\__init__.py:157]
2026-02-27 14:00:57,196 INFO: 博客应用启动 [in C:\AI\Projects\my-blog\app\__init__.py:157]
2026-02-27 14:01:00,948 INFO: 博客应用启动 [in C:\AI\Projects\my-blog\app\__init__.py:157]
2026-02-27 14:01:19,190 INFO: 博客应用启动 [in C:\AI\Projects\my-blog\app\__init__.py:157]
2026-02-27 14:01:23,736 INFO: 博客应用启动 [in C:\AI\Projects\my-blog\app\__init__.py:157]
2026-02-27 14:01:37,250 INFO: 博客应用启动 [in C:\AI\Projects\my-blog\app\__init__.py:157]
2026-02-27 14:01:48,070 INFO: 博客应用启动 [in C:\AI\Projects\my-blog\app\__init__.py:157]
2026-02-27 14:03:41,805 INFO: 博客应用启动 [in C:\AI\Projects\my-blog\app\__init__.py:157]
2026-02-27 14:04:48,481 INFO: 博客应用启动 [in C:\AI\Projects\my-blog\app\__init__.py:157]
2026-02-27 14:04:59,819 INFO: 博客应用启动 [in C:\AI\Projects\my-blog\app\__init__.py:157]
2026-02-27 14:05:13,981 INFO: 博客应用启动 [in C:\AI\Projects\my-blog\app\__init__.py:157]
2026-02-27 14:05:28,075 INFO: 博客应用启动 [in C:\AI\Projects\my-blog\app\__init__.py:157]
2026-02-27 14:05:42,110 INFO: 博客应用启动 [in C:\AI\Projects\my-blog\app\__init__.py:157]
2026-02-27 14:09:36,521 INFO: 博客应用启动 [in C:\AI\Projects\my-blog\app\__init__.py:157]
2026-02-27 14:09:42,739 INFO: 博客应用启动 [in C:\AI\Projects\my-blog\app\__init__.py:157]
2026-02-27 14:10:05,589 INFO: 博客应用启动 [in C:\AI\Projects\my-blog\app\__init__.py:157]
2026-02-27 14:10:11,189 INFO: 博客应用启动 [in C:\AI\Projects\my-blog\app\__init__.py:157]
2026-02-27 14:19:04,028 INFO: 博客应用启动 [in C:\AI\Projects\my-blog\app\__init__.py:157]
2026-02-27 14:19:08,443 INFO: 博客应用启动 [in C:\AI\Projects\my-blog\app\__init__.py:157]
2026-02-27 14:19:21,301 INFO: 博客应用启动 [in C:\AI\Projects\my-blog\app\__init__.py:157]
2026-02-27 14:19:35,181 INFO: 博客应用启动 [in C:\AI\Projects\my-blog\app\__init__.py:157]
2026-02-27 14:20:49,190 INFO: 博客应用启动 [in C:\AI\Projects\my-blog\app\__init__.py:157]
2026-02-27 14:20:58,696 INFO: 博客应用启动 [in C:\AI\Projects\my-blog\app\__init__.py:157]
2026-02-27 14:21:00,436 INFO: 博客应用启动 [in C:\AI\Projects\my-blog\app\__init__.py:157]
2026-02-27 14:30:45,625 INFO: 博客应用启动 [in C:\AI\Projects\my-blog\app\__init__.py:157]
2026-02-27 14:30:59,899 INFO: 博客应用启动 [in C:\AI\Projects\my-blog\app\__init__.py:157]
2026-02-27 14:31:11,602 INFO: 博客应用启动 [in C:\AI\Projects\my-blog\app\__init__.py:157]
2026-02-27 14:32:00,756 INFO: 博客应用启动 [in C:\AI\Projects\my-blog\app\__init__.py:157]
2026-02-27 14:32:14,703 INFO: 博客应用启动 [in C:\AI\Projects\my-blog\app\__init__.py:157]
2026-02-27 14:32:26,581 INFO: 博客应用启动 [in C:\AI\Projects\my-blog\app\__init__.py:157]
2026-02-27 14:32:29,234 INFO: 博客应用启动 [in C:\AI\Projects\my-blog\app\__init__.py:157]
2026-02-27 14:33:43,272 INFO: 博客应用启动 [in C:\AI\Projects\my-blog\app\__init__.py:157]
2026-02-27 14:33:45,494 INFO: 博客应用启动 [in C:\AI\Projects\my-blog\app\__init__.py:157]
2026-02-27 14:33:57,337 INFO: 博客应用启动 [in C:\AI\Projects\my-blog\app\__init__.py:157]
2026-02-27 14:33:59,938 INFO: 博客应用启动 [in C:\AI\Projects\my-blog\app\__init__.py:157]
2026-02-27 14:34:08,339 INFO: 博客应用启动 [in C:\AI\Projects\my-blog\app\__init__.py:157]
2026-02-27 14:34:11,527 INFO: 博客应用启动 [in C:\AI\Projects\my-blog\app\__init__.py:157]
2026-02-27 16:05:22,297 INFO: 博客应用启动 [in C:\AI\Projects\my-blog\app\__init__.py:157]
2026-02-27 16:12:27,744 INFO: 博客应用启动 [in C:\AI\Projects\my-blog\app\__init__.py:157]
2026-02-27 16:13:24,334 INFO: 博客应用启动 [in C:\AI\Projects\my-blog\app\__init__.py:157]
2026-02-27 16:13:52,445 INFO: 博客应用启动 [in C:\AI\Projects\my-blog\app\__init__.py:157]
2026-02-27 16:15:40,382 INFO: 博客应用启动 [in C:\AI\Projects\my-blog\app\__init__.py:157]
2026-02-27 16:22:06,660 INFO: 博客应用启动 [in C:\AI\Projects\my-blog\app\__init__.py:157]
2026-02-27 16:22:23,566 INFO: 博客应用启动 [in C:\AI\Projects\my-blog\app\__init__.py:157]
2026-02-27 16:27:30,031 INFO: 博客应用启动 [in C:\AI\Projects\my-blog\app\__init__.py:157]
2026-02-27 16:28:56,118 INFO: 博客应用启动 [in C:\AI\Projects\my-blog\app\__init__.py:157]
2026-02-27 16:29:14,223 INFO: 博客应用启动 [in C:\AI\Projects\my-blog\app\__init__.py:157]
2026-02-27 16:29:20,117 INFO: 博客应用启动 [in C:\AI\Projects\my-blog\app\__init__.py:157]
2026-02-27 16:33:00,020 INFO: 博客应用启动 [in C:\AI\Projects\my-blog\app\__init__.py:157]
2026-02-27 16:33:14,335 INFO: 博客应用启动 [in C:\AI\Projects\my-blog\app\__init__.py:157]
2026-02-27 16:35:42,760 INFO: 博客应用启动 [in C:\AI\Projects\my-blog\app\__init__.py:157]
2026-02-27 16:35:52,601 INFO: 博客应用启动 [in C:\AI\Projects\my-blog\app\__init__.py:157]
2026-02-27 16:36:07,742 INFO: 博客应用启动 [in C:\AI\Projects\my-blog\app\__init__.py:157]
2026-02-27 16:43:51,978 INFO: 收到联系表单: admin (15823702657@163.com) [in C:\AI\Projects\my-blog\app\routes\main.py:536]
2026-02-27 16:43:51,978 INFO: 主题: 测试 [in C:\AI\Projects\my-blog\app\routes\main.py:537]
2026-02-27 16:43:51,978 INFO: 内容: 你好我是测试员111111111111111111111111111111111 [in C:\AI\Projects\my-blog\app\routes\main.py:538]
2026-02-27 19:49:31,451 INFO: 博客应用启动 [in C:\AI\Projects\my-blog\app\__init__.py:157]
2026-02-27 19:49:34,233 INFO: 博客应用启动 [in C:\AI\Projects\my-blog\app\__init__.py:157]
2026-02-27 19:49:40,040 INFO: 博客应用启动 [in C:\AI\Projects\my-blog\app\__init__.py:157]
2026-02-27 19:49:53,914 INFO: 博客应用启动 [in C:\AI\Projects\my-blog\app\__init__.py:157]
2026-02-27 19:50:18,882 INFO: 博客应用启动 [in C:\AI\Projects\my-blog\app\__init__.py:157]
2026-02-27 19:50:20,663 INFO: 博客应用启动 [in C:\AI\Projects\my-blog\app\__init__.py:157]
2026-02-27 19:55:47,730 INFO: 博客应用启动 [in C:\AI\Projects\my-blog\app\__init__.py:157]
2026-02-27 20:03:56,752 INFO: 博客应用启动 [in C:\AI\Projects\my-blog\app\__init__.py:157]
2026-02-27 20:04:06,637 INFO: 博客应用启动 [in C:\AI\Projects\my-blog\app\__init__.py:157]
2026-02-27 20:04:30,623 INFO: 博客应用启动 [in C:\AI\Projects\my-blog\app\__init__.py:157]
2026-02-27 20:27:48,362 INFO: 博客应用启动 [in C:\AI\Projects\my-blog\app\__init__.py:157]
2026-02-27 20:27:53,204 INFO: 博客应用启动 [in C:\AI\Projects\my-blog\app\__init__.py:157]
2026-02-27 20:28:03,069 INFO: 博客应用启动 [in C:\AI\Projects\my-blog\app\__init__.py:157]
2026-02-27 20:30:03,297 INFO: 博客应用启动 [in C:\AI\Projects\my-blog\app\__init__.py:157]
2026-02-27 20:31:08,823 INFO: 博客应用启动 [in C:\AI\Projects\my-blog\app\__init__.py:157]
2026-02-27 20:31:43,978 INFO: 博客应用启动 [in C:\AI\Projects\my-blog\app\__init__.py:157]
2026-02-27 20:45:20,928 INFO: 博客应用启动 [in C:\AI\Projects\my-blog\app\__init__.py:157]
2026-02-27 20:45:22,379 INFO: 博客应用启动 [in C:\AI\Projects\my-blog\app\__init__.py:157]
2026-02-28 01:08:53,772 INFO: 博客应用启动 [in C:\AI\Projects\my-blog - 副本\app\__init__.py:157]
2026-02-28 01:09:04,080 INFO: 博客应用启动 [in C:\AI\Projects\my-blog - 副本\app\__init__.py:157]
2026-02-28 01:15:28,738 INFO: 博客应用启动 [in C:\AI\Projects\my-blog - 副本\app\__init__.py:157]
2026-02-28 01:15:30,174 INFO: 博客应用启动 [in C:\AI\Projects\my-blog - 副本\app\__init__.py:157]
